Release 10.1.03 - xst K.39 (lin64)
Copyright (c) 1995-2008 Xilinx, Inc.  All rights reserved.
--> 
Parameter TMPDIR set to /afs/athena.mit.edu/user/i/s/isab8liu/6.111/lab5/xst/projnav.tmp


Total REAL time to Xst completion: 0.00 secs
Total CPU time to Xst completion: 0.03 secs
 
--> 
Parameter xsthdpdir set to /afs/athena.mit.edu/user/i/s/isab8liu/6.111/lab5/xst


Total REAL time to Xst completion: 0.00 secs
Total CPU time to Xst completion: 0.03 secs
 
--> 
Reading design: debounce.prj

TABLE OF CONTENTS
  1) Synthesis Options Summary
  2) HDL Compilation
  3) Design Hierarchy Analysis
  4) HDL Analysis
  5) HDL Synthesis
     5.1) HDL Synthesis Report
  6) Advanced HDL Synthesis
     6.1) Advanced HDL Synthesis Report
  7) Low Level Synthesis
  8) Partition Report
  9) Final Report
     9.1) Device utilization summary
     9.2) Partition Resource Summary
     9.3) TIMING REPORT


=========================================================================
*                      Synthesis Options Summary                        *
=========================================================================
---- Source Parameters
Input File Name                    : "debounce.prj"
Input Format                       : mixed
Ignore Synthesis Constraint File   : NO

---- Target Parameters
Output File Name                   : "debounce"
Output Format                      : NGC
Target Device                      : xc2v6000-4-bf957

---- Source Options
Top Module Name                    : debounce
Automatic FSM Extraction           : YES
FSM Encoding Algorithm             : Auto
Safe Implementation                : No
FSM Style                          : lut
RAM Extraction                     : Yes
RAM Style                          : Auto
ROM Extraction                     : Yes
Mux Style                          : Auto
Decoder Extraction                 : YES
Priority Encoder Extraction        : YES
Shift Register Extraction          : YES
Logical Shifter Extraction         : YES
XOR Collapsing                     : YES
ROM Style                          : Auto
Mux Extraction                     : YES
Resource Sharing                   : YES
Asynchronous To Synchronous        : NO
Multiplier Style                   : auto
Automatic Register Balancing       : No

---- Target Options
Add IO Buffers                     : YES
Global Maximum Fanout              : 500
Add Generic Clock Buffer(BUFG)     : 16
Register Duplication               : YES
Slice Packing                      : YES
Optimize Instantiated Primitives   : NO
Convert Tristates To Logic         : Yes
Use Clock Enable                   : Yes
Use Synchronous Set                : Yes
Use Synchronous Reset              : Yes
Pack IO Registers into IOBs        : auto
Equivalent register Removal        : YES

---- General Options
Optimization Goal                  : Speed
Optimization Effort                : 1
Library Search Order               : debounce.lso
Keep Hierarchy                     : NO
Netlist Hierarchy                  : as_optimized
RTL Output                         : Yes
Global Optimization                : AllClockNets
Read Cores                         : YES
Write Timing Constraints           : NO
Cross Clock Analysis               : NO
Hierarchy Separator                : /
Bus Delimiter                      : <>
Case Specifier                     : maintain
Slice Utilization Ratio            : 100
BRAM Utilization Ratio             : 100
Verilog 2001                       : YES
Auto BRAM Packing                  : NO
Slice Utilization Ratio Delta      : 5

=========================================================================


=========================================================================
*                          HDL Compilation                              *
=========================================================================
Compiling verilog file "debounce.v" in library work
Module <debounce> compiled
No errors in compilation
Analysis of file <"debounce.prj"> succeeded.
 

=========================================================================
*                     Design Hierarchy Analysis                         *
=========================================================================
Analyzing hierarchy for module <debounce> in library <work> with parameters.
	DELAY = "00000000000011110100001001000000"


=========================================================================
*                            HDL Analysis                               *
=========================================================================
Analyzing top module <debounce>.
	DELAY = 32'sb00000000000011110100001001000000
Module <debounce> is correct for synthesis.
 

=========================================================================
*                           HDL Synthesis                               *
=========================================================================

Performing bidirectional port resolution...

Synthesizing Unit <debounce>.
    Related source file is "debounce.v".
    Found 1-bit register for signal <clean>.
    Found 20-bit up counter for signal <count>.
    Found 1-bit xor2 for signal <count$xor0000> created at line 18.
    Found 1-bit register for signal <new>.
    Summary:
	inferred   1 Counter(s).
	inferred   2 D-type flip-flop(s).
Unit <debounce> synthesized.


=========================================================================
HDL Synthesis Report

Macro Statistics
# Counters                                             : 1
 20-bit up counter                                     : 1
# Registers                                            : 2
 1-bit register                                        : 2
# Xors                                                 : 1
 1-bit xor2                                            : 1

=========================================================================

=========================================================================
*                       Advanced HDL Synthesis                          *
=========================================================================

Loading device for application Rf_Device from file '2v6000.nph' in environment /afs/csail.mit.edu/proj/redsocs/Xilinx10.1/ISE.

=========================================================================
Advanced HDL Synthesis Report

Macro Statistics
# Counters                                             : 1
 20-bit up counter                                     : 1
# Registers                                            : 2
 Flip-Flops                                            : 2
# Xors                                                 : 1
 1-bit xor2                                            : 1

=========================================================================

=========================================================================
*                         Low Level Synthesis                           *
=========================================================================

Optimizing unit <debounce> ...

Mapping all equations...
Building and optimizing final netlist ...
Found area constraint ratio of 100 (+ 5) on block debounce, actual ratio is 0.

Final Macro Processing ...

=========================================================================
Final Register Report

Macro Statistics
# Registers                                            : 22
 Flip-Flops                                            : 22

=========================================================================

=========================================================================
*                           Partition Report                             *
=========================================================================

Partition Implementation Status
-------------------------------

  No Partitions were found in this design.

-------------------------------

=========================================================================
*                            Final Report                               *
=========================================================================
Final Results
RTL Top Level Output File Name     : debounce.ngr
Top Level Output File Name         : debounce
Output Format                      : NGC
Optimization Goal                  : Speed
Keep Hierarchy                     : NO

Design Statistics
# IOs                              : 4

Cell Usage :
# BELS                             : 75
#      GND                         : 1
#      INV                         : 2
#      LUT1                        : 19
#      LUT3                        : 2
#      LUT4                        : 6
#      MUXCY                       : 24
#      VCC                         : 1
#      XORCY                       : 20
# FlipFlops/Latches                : 22
#      FDE                         : 2
#      FDRE                        : 20
# Clock Buffers                    : 1
#      BUFGP                       : 1
# IO Buffers                       : 3
#      IBUF                        : 2
#      OBUF                        : 1
=========================================================================

Device utilization summary:
---------------------------

Selected Device : 2v6000bf957-4 

 Number of Slices:                       15  out of  33792     0%  
 Number of Slice Flip Flops:             22  out of  67584     0%  
 Number of 4 input LUTs:                 29  out of  67584     0%  
 Number of IOs:                           4
 Number of bonded IOBs:                   4  out of    684     0%  
 Number of GCLKs:                         1  out of     16     6%  

---------------------------
Partition Resource Summary:
---------------------------

  No Partitions were found in this design.

---------------------------


=========================================================================
TIMING REPORT

NOTE: THESE TIMING NUMBERS ARE ONLY A SYNTHESIS ESTIMATE.
      FOR ACCURATE TIMING INFORMATION PLEASE REFER TO THE TRACE REPORT
      GENERATED AFTER PLACE-and-ROUTE.

Clock Information:
------------------
-----------------------------------+------------------------+-------+
Clock Signal                       | Clock buffer(FF name)  | Load  |
-----------------------------------+------------------------+-------+
clock                              | BUFGP                  | 22    |
-----------------------------------+------------------------+-------+

Asynchronous Control Signals Information:
----------------------------------------
No asynchronous control signals found in this design

Timing Summary:
---------------
Speed Grade: -4

   Minimum period: 5.814ns (Maximum Frequency: 172.006MHz)
   Minimum input arrival time before clock: 3.546ns
   Maximum output required time after clock: 5.446ns
   Maximum combinational path delay: No path found

Timing Detail:
--------------
All values displayed in nanoseconds (ns)

=========================================================================
Timing constraint: Default period analysis for Clock 'clock'
  Clock period: 5.814ns (frequency: 172.006MHz)
  Total number of paths / destination ports: 653 / 63
-------------------------------------------------------------------------
Delay:               5.814ns (Levels of Logic = 7)
  Source:            count_7 (FF)
  Destination:       count_0 (FF)
  Source Clock:      clock rising
  Destination Clock: clock rising

  Data Path: count_7 to count_0
                                Gate     Net
    Cell:in->out      fanout   Delay   Delay  Logical Name (Net Name)
    ----------------------------------------  ------------
     FDRE:C->Q             2   0.568   0.986  count_7 (count_7)
     LUT4:I0->O            1   0.439   0.000  count_cmp_eq0000_wg_lut<0> (count_cmp_eq0000_wg_lut<0>)
     MUXCY:S->O            1   0.298   0.000  count_cmp_eq0000_wg_cy<0> (count_cmp_eq0000_wg_cy<0>)
     MUXCY:CI->O           1   0.053   0.000  count_cmp_eq0000_wg_cy<1> (count_cmp_eq0000_wg_cy<1>)
     MUXCY:CI->O           1   0.053   0.000  count_cmp_eq0000_wg_cy<2> (count_cmp_eq0000_wg_cy<2>)
     MUXCY:CI->O           1   0.053   0.000  count_cmp_eq0000_wg_cy<3> (count_cmp_eq0000_wg_cy<3>)
     MUXCY:CI->O           2   0.942   0.701  count_cmp_eq0000_wg_cy<4> (count_cmp_eq0000)
     INV:I->O             20   0.439   1.041  count_not00011_INV_0 (count_not0001)
     FDRE:CE                   0.240          count_0
    ----------------------------------------
    Total                      5.814ns (3.085ns logic, 2.729ns route)
                                       (53.1% logic, 46.9% route)

=========================================================================
Timing constraint: Default OFFSET IN BEFORE for Clock 'clock'
  Total number of paths / destination ports: 47 / 24
-------------------------------------------------------------------------
Offset:              3.546ns (Levels of Logic = 2)
  Source:            noisy (PAD)
  Destination:       count_0 (FF)
  Destination Clock: clock rising

  Data Path: noisy to count_0
                                Gate     Net
    Cell:in->out      fanout   Delay   Delay  Logical Name (Net Name)
    ----------------------------------------  ------------
     IBUF:I->O             4   0.825   0.956  noisy_IBUF (noisy_IBUF)
     LUT3:I1->O           21   0.439   1.046  count_or00001 (count_or0000)
     FDRE:R                    0.280          count_0
    ----------------------------------------
    Total                      3.546ns (1.544ns logic, 2.002ns route)
                                       (43.5% logic, 56.5% route)

=========================================================================
Timing constraint: Default OFFSET OUT AFTER for Clock 'clock'
  Total number of paths / destination ports: 1 / 1
-------------------------------------------------------------------------
Offset:              5.446ns (Levels of Logic = 1)
  Source:            clean (FF)
  Destination:       clean (PAD)
  Source Clock:      clock rising

  Data Path: clean to clean
                                Gate     Net
    Cell:in->out      fanout   Delay   Delay  Logical Name (Net Name)
    ----------------------------------------  ------------
     FDE:C->Q              1   0.568   0.517  clean (clean_OBUF)
     OBUF:I->O                 4.361          clean_OBUF (clean)
    ----------------------------------------
    Total                      5.446ns (4.929ns logic, 0.517ns route)
                                       (90.5% logic, 9.5% route)

=========================================================================


Total REAL time to Xst completion: 3.00 secs
Total CPU time to Xst completion: 2.21 secs
 
--> 


Total memory usage is 450144 kilobytes

Number of errors   :    0 (   0 filtered)
Number of warnings :    0 (   0 filtered)
Number of infos    :    0 (   0 filtered)

