--------------------------------------------------------------------------------
Release 10.1.03 Trace  (lin64)
Copyright (c) 1995-2008 Xilinx, Inc.  All rights reserved.

/afs/csail.mit.edu/proj/redsocs/Xilinx10.1/ISE/bin/lin64/unwrapped/trce -ise
/afs/athena.mit.edu/user/i/s/isab8liu/6.111/lab5/lab5.ise -intstyle ise -v 3 -s
4 -xml lab5 lab5.ncd -o lab5.twr lab5.pcf -ucf labkit.ucf

Design file:              lab5.ncd
Physical constraint file: lab5.pcf
Device,package,speed:     xc2v6000,bf957,-4 (PRODUCTION 1.121 2008-07-25, STEPPING level 0)
Report level:             verbose report

Environment Variable      Effect 
--------------------      ------ 
NONE                      No environment variables were set
--------------------------------------------------------------------------------

INFO:Timing:2698 - No timing constraints found, doing default enumeration.
INFO:Timing:2752 - To get complete path coverage, use the unconstrained paths 
   option. All paths that are not constrained will be reported in the 
   unconstrained paths section(s) of the report.
INFO:Timing:3339 - The clock-to-out numbers in this timing report are based on 
   a 50 Ohm transmission line loading model.  For the details of this model, 
   and for more information on accounting for different loading conditions, 
   please see the device datasheet.



Data Sheet report:
-----------------
All values displayed in nanoseconds (ns)

Setup/Hold to clock ac97_bit_clock
-------------+------------+------------+--------------------+--------+
             |  Setup to  |  Hold to   |                    | Clock  |
Source       | clk (edge) | clk (edge) |Internal Clock(s)   | Phase  |
-------------+------------+------------+--------------------+--------+
ac97_sdata_in|   -1.918(F)|    2.190(F)|analyzer1_clock_OBUF|   0.000|
-------------+------------+------------+--------------------+--------+

Setup/Hold to clock clock_27mhz
------------+------------+------------+------------------+--------+
            |  Setup to  |  Hold to   |                  | Clock  |
Source      | clk (edge) | clk (edge) |Internal Clock(s) | Phase  |
------------+------------+------------+------------------+--------+
button_down |    4.846(R)|   -3.042(R)|clock_27mhz_BUFGP |   0.000|
button_enter|    5.748(R)|   -3.446(R)|clock_27mhz_BUFGP |   0.000|
button_up   |    3.747(R)|   -2.328(R)|clock_27mhz_BUFGP |   0.000|
switch<0>   |    3.627(R)|   -2.103(R)|clock_27mhz_BUFGP |   0.000|
------------+------------+------------+------------------+--------+

Clock ac97_bit_clock to Pad
------------------+------------+--------------------+--------+
                  | clk (edge) |                    | Clock  |
Destination       |   to PAD   |Internal Clock(s)   | Phase  |
------------------+------------+--------------------+--------+
ac97_sdata_out    |   13.838(R)|analyzer1_clock_OBUF|   0.000|
ac97_synch        |   13.828(R)|analyzer1_clock_OBUF|   0.000|
analyzer1_data<1> |   18.959(R)|analyzer1_clock_OBUF|   0.000|
analyzer1_data<3> |   18.309(R)|analyzer1_clock_OBUF|   0.000|
analyzer3_data<8> |   16.757(F)|analyzer1_clock_OBUF|   0.000|
analyzer3_data<9> |   16.214(F)|analyzer1_clock_OBUF|   0.000|
analyzer3_data<10>|   17.037(F)|analyzer1_clock_OBUF|   0.000|
analyzer3_data<11>|   15.590(F)|analyzer1_clock_OBUF|   0.000|
analyzer3_data<12>|   16.247(F)|analyzer1_clock_OBUF|   0.000|
analyzer3_data<13>|   17.657(F)|analyzer1_clock_OBUF|   0.000|
analyzer3_data<14>|   17.271(F)|analyzer1_clock_OBUF|   0.000|
analyzer3_data<15>|   16.311(F)|analyzer1_clock_OBUF|   0.000|
------------------+------------+--------------------+--------+

Clock clock_27mhz to Pad
-----------------+------------+------------------+--------+
                 | clk (edge) |                  | Clock  |
Destination      |   to PAD   |Internal Clock(s) | Phase  |
-----------------+------------+------------------+--------+
analyzer1_data<0>|   12.495(R)|clock_27mhz_BUFGP |   0.000|
analyzer3_clock  |   15.710(R)|clock_27mhz_BUFGP |   0.000|
analyzer3_data<0>|   12.105(R)|clock_27mhz_BUFGP |   0.000|
analyzer3_data<1>|   12.860(R)|clock_27mhz_BUFGP |   0.000|
analyzer3_data<2>|   12.781(R)|clock_27mhz_BUFGP |   0.000|
analyzer3_data<3>|   12.835(R)|clock_27mhz_BUFGP |   0.000|
analyzer3_data<4>|   13.448(R)|clock_27mhz_BUFGP |   0.000|
analyzer3_data<5>|   13.161(R)|clock_27mhz_BUFGP |   0.000|
analyzer3_data<6>|   13.197(R)|clock_27mhz_BUFGP |   0.000|
analyzer3_data<7>|   13.003(R)|clock_27mhz_BUFGP |   0.000|
audio_reset_b    |   11.582(R)|clock_27mhz_BUFGP |   0.000|
led<0>           |   16.818(R)|clock_27mhz_BUFGP |   0.000|
led<1>           |   14.696(R)|clock_27mhz_BUFGP |   0.000|
led<2>           |   14.162(R)|clock_27mhz_BUFGP |   0.000|
led<3>           |   15.275(R)|clock_27mhz_BUFGP |   0.000|
led<4>           |   14.548(R)|clock_27mhz_BUFGP |   0.000|
led<5>           |   12.576(R)|clock_27mhz_BUFGP |   0.000|
led<6>           |   12.183(R)|clock_27mhz_BUFGP |   0.000|
led<7>           |   11.209(R)|clock_27mhz_BUFGP |   0.000|
-----------------+------------+------------------+--------+

Clock to Setup on destination clock ac97_bit_clock
---------------+---------+---------+---------+---------+
               | Src:Rise| Src:Fall| Src:Rise| Src:Fall|
Source Clock   |Dest:Rise|Dest:Rise|Dest:Fall|Dest:Fall|
---------------+---------+---------+---------+---------+
ac97_bit_clock |    7.287|         |    7.745|    3.283|
clock_27mhz    |    2.612|         |         |         |
---------------+---------+---------+---------+---------+

Clock to Setup on destination clock clock_27mhz
---------------+---------+---------+---------+---------+
               | Src:Rise| Src:Fall| Src:Rise| Src:Fall|
Source Clock   |Dest:Rise|Dest:Rise|Dest:Fall|Dest:Fall|
---------------+---------+---------+---------+---------+
ac97_bit_clock |    2.229|    3.734|         |         |
clock_27mhz    |    6.111|         |         |         |
---------------+---------+---------+---------+---------+

Pad to Pad
---------------+-----------------+---------+
Source Pad     |Destination Pad  |  Delay  |
---------------+-----------------+---------+
ac97_bit_clock |analyzer1_clock  |   17.015|
ac97_sdata_in  |analyzer1_data<2>|   14.683|
---------------+-----------------+---------+


Analysis completed Wed Oct 17 22:23:02 2018 
--------------------------------------------------------------------------------

Trace Settings:
-------------------------
Trace Settings 

Peak Memory Usage: 341 MB



